2026/03/20 21:30:26 [ROOT MSG] tea.WindowSizeMsg
2026/03/20 21:30:26 [ROOT MSG] messages.HomeLogsMonitor
2026/03/20 21:30:26 [ROOT MSG] messages.HomeStatVolume
2026/03/20 21:30:26 [ROOT MSG] messages.HomeStatNetwork
2026/03/20 21:30:26 [ROOT MSG] messages.HomeStatContainer
2026/03/20 21:30:26 [ROOT MSG] messages.HomeStatImage
2026/03/20 21:30:27 [ROOT MSG] tea.KeyMsg
2026/03/20 21:30:27 [ROOT MSG] messages.ChangePg
2026/03/20 21:30:27 [ROOT MSG] messages.SysResReadyMsg
2026/03/20 21:30:28 [ROOT MSG] tea.KeyMsg
2026/03/20 21:30:28 [ROOT MSG] messages.ChangePg
2026/03/20 21:30:28 [ROOT MSG] messages.ParsedRegistries
2026/03/20 21:30:28 [REG] &{RegistryProvider:docker RegistryDomain:docker.io RegistryUsername:nucleofusion}
2026/03/20 21:30:28 [REG AUTH] Begin
2026/03/20 21:30:28 [REG AUTH] Checked Auth for &{RegistryProvider:docker RegistryDomain:docker.io RegistryUsername:nucleofusion} 
2026/03/20 21:30:28 [REG AUTH] Waited Success
2026/03/20 21:30:28 [ROOT MSG] messages.PendingRegistryLogin
2026/03/20 21:30:28 [REG] Pending Registry Login Came
2026/03/20 21:30:29 [ROOT MSG] messages.HomeLogsTick
2026/03/20 21:31:08 [ROOT MSG] tea.KeyMsg
2026/03/20 21:31:09 [ROOT MSG] tea.WindowSizeMsg
2026/03/20 21:31:09 [ROOT MSG] messages.HomeLogsMonitor
2026/03/20 21:31:09 [ROOT MSG] messages.HomeStatNetwork
2026/03/20 21:31:09 [ROOT MSG] messages.HomeStatVolume
2026/03/20 21:31:09 [ROOT MSG] messages.HomeStatContainer
2026/03/20 21:31:09 [ROOT MSG] messages.HomeStatImage
2026/03/20 21:31:10 [ROOT MSG] tea.KeyMsg
2026/03/20 21:31:10 [ROOT MSG] messages.ChangePg
2026/03/20 21:31:10 [ROOT MSG] messages.SysResReadyMsg
2026/03/20 21:31:10 [ROOT MSG] tea.KeyMsg
2026/03/20 21:31:10 [ROOT MSG] messages.ChangePg
2026/03/20 21:31:10 [ROOT MSG] messages.ParsedRegistries
2026/03/20 21:31:10 [REG] &{RegistryProvider:docker RegistryDomain:docker.io RegistryUsername:nucleofusion}
2026/03/20 21:31:10 [REG AUTH] Begin
2026/03/20 21:31:10 [REG AUTH] Checked Auth for &{RegistryProvider:docker RegistryDomain:docker.io RegistryUsername:nucleofusion} 
2026/03/20 21:31:10 [REG AUTH] Waited Success
2026/03/20 21:31:10 [ROOT MSG] messages.PendingRegistryLogin
2026/03/20 21:31:10 [REG] Pending Registry Login Came
2026/03/20 21:31:10 [REG] No Login's Left!
2026/03/20 21:31:12 [ROOT MSG] messages.HomeLogsTick
2026/03/20 21:35:35 [ROOT MSG] tea.KeyMsg
2026/03/20 21:35:37 [ROOT MSG] tea.WindowSizeMsg
2026/03/20 21:35:37 [ROOT MSG] messages.HomeLogsMonitor
2026/03/20 21:35:37 [ROOT MSG] messages.HomeStatNetwork
2026/03/20 21:35:37 [ROOT MSG] messages.HomeStatVolume
2026/03/20 21:35:37 [ROOT MSG] messages.HomeStatContainer
2026/03/20 21:35:37 [ROOT MSG] messages.HomeStatImage
2026/03/20 21:35:37 [ROOT MSG] tea.KeyMsg
2026/03/20 21:35:37 [ROOT MSG] messages.ChangePg
2026/03/20 21:35:38 [ROOT MSG] messages.SysResReadyMsg
2026/03/20 21:35:38 [ROOT MSG] tea.KeyMsg
2026/03/20 21:35:38 [ROOT MSG] messages.ChangePg
2026/03/20 21:35:38 [ROOT MSG] messages.ParsedRegistries
2026/03/20 21:35:38 [REG] &{RegistryProvider:docker RegistryDomain:docker.io RegistryUsername:nucleofusion}
2026/03/20 21:35:38 [REG AUTH] Begin
2026/03/20 21:35:38 [REG AUTH] Checked Auth for &{RegistryProvider:docker RegistryDomain:docker.io RegistryUsername:nucleofusion} 
2026/03/20 21:35:38 [REG AUTH] Waited Success
2026/03/20 21:35:38 [ROOT MSG] messages.PendingRegistryLogin
2026/03/20 21:35:38 [ROOT MSG] messages.RegistryLoginMessage
2026/03/20 21:35:38 [REG] Registry Login Msg Came for: &{RegistryProvider:docker RegistryDomain:docker.io RegistryUsername:nucleofusion}
2026/03/20 21:35:40 [ROOT MSG] messages.HomeLogsTick
2026/03/20 21:36:04 [ROOT MSG] tea.KeyMsg
2026/03/20 21:36:05 [ROOT MSG] tea.WindowSizeMsg
2026/03/20 21:36:05 [ROOT MSG] messages.HomeLogsMonitor
2026/03/20 21:36:05 [ROOT MSG] messages.HomeStatNetwork
2026/03/20 21:36:06 [ROOT MSG] messages.HomeStatVolume
2026/03/20 21:36:06 [ROOT MSG] messages.HomeStatContainer
2026/03/20 21:36:06 [ROOT MSG] messages.HomeStatImage
2026/03/20 21:36:06 [ROOT MSG] tea.KeyMsg
2026/03/20 21:36:06 [ROOT MSG] messages.ChangePg
2026/03/20 21:36:06 [ROOT MSG] messages.SysResReadyMsg
2026/03/20 21:36:07 [ROOT MSG] tea.KeyMsg
2026/03/20 21:36:07 [ROOT MSG] messages.ChangePg
2026/03/20 21:36:07 [ROOT MSG] messages.ParsedRegistries
2026/03/20 21:36:07 [REG] &{RegistryProvider:docker RegistryDomain:docker.io RegistryUsername:nucleofusion}
2026/03/20 21:36:07 [REG AUTH] Begin
2026/03/20 21:36:07 [REG AUTH] Checked Auth for &{RegistryProvider:docker RegistryDomain:docker.io RegistryUsername:nucleofusion} 
2026/03/20 21:36:07 [REG AUTH] Waited Success
2026/03/20 21:36:07 [ROOT MSG] messages.PendingRegistryLogin
2026/03/20 21:36:07 [ROOT MSG] messages.RegistryLoginMessage
2026/03/20 21:36:07 [REG] Registry Login Msg Came for: &{RegistryProvider:docker RegistryDomain:docker.io RegistryUsername:nucleofusion}
2026/03/20 21:36:08 [ROOT MSG] messages.HomeLogsTick
2026/03/20 21:36:09 [ROOT MSG] tea.KeyMsg
2026/03/20 21:36:09 [ROOT MSG] tea.KeyMsg
2026/03/20 21:36:09 [ROOT MSG] tea.KeyMsg
2026/03/20 21:36:09 [ROOT MSG] tea.KeyMsg
2026/03/20 21:36:10 [ROOT MSG] tea.KeyMsg
2026/03/20 21:38:02 [ROOT MSG] tea.WindowSizeMsg
2026/03/20 21:38:02 [ROOT MSG] messages.HomeLogsMonitor
2026/03/20 21:38:02 [ROOT MSG] messages.HomeStatNetwork
2026/03/20 21:38:02 [ROOT MSG] messages.HomeStatVolume
2026/03/20 21:38:02 [ROOT MSG] messages.HomeStatContainer
2026/03/20 21:38:02 [ROOT MSG] messages.HomeStatImage
2026/03/20 21:38:02 [ROOT MSG] tea.KeyMsg
2026/03/20 21:38:02 [ROOT MSG] messages.ChangePg
2026/03/20 21:38:03 [ROOT MSG] messages.SysResReadyMsg
2026/03/20 21:38:05 [ROOT MSG] messages.HomeLogsTick
2026/03/20 21:38:09 [ROOT MSG] tea.KeyMsg
2026/03/20 21:38:09 [ROOT MSG] messages.ChangePg
2026/03/20 21:38:09 [ROOT MSG] messages.ParsedRegistries
2026/03/20 21:38:09 [REG] &{RegistryProvider:docker RegistryDomain:docker.io RegistryUsername:nucleofusion}
2026/03/20 21:38:09 [REG AUTH] Begin
2026/03/20 21:38:09 [REG AUTH] Checked Auth for &{RegistryProvider:docker RegistryDomain:docker.io RegistryUsername:nucleofusion} 
2026/03/20 21:38:09 [REG AUTH] Waited Success
2026/03/20 21:38:09 [ROOT MSG] messages.PendingRegistryLogin
2026/03/20 21:38:09 [ROOT MSG] messages.RegistryLoginMessage
2026/03/20 21:38:09 [REG] Registry Login Msg Came for: &{RegistryProvider:docker RegistryDomain:docker.io RegistryUsername:nucleofusion}
2026/03/20 21:38:10 [ROOT MSG] tea.KeyMsg
2026/03/20 21:38:11 [ROOT MSG] tea.KeyMsg
2026/03/20 21:38:11 [ROOT MSG] tea.KeyMsg
2026/03/20 21:38:11 [ROOT MSG] tea.KeyMsg
2026/03/20 21:38:11 [ROOT MSG] tea.KeyMsg
2026/03/20 21:38:11 [ROOT MSG] tea.KeyMsg
2026/03/20 21:38:12 [ROOT MSG] tea.KeyMsg
2026/03/20 21:38:12 [ROOT MSG] tea.KeyMsg
2026/03/20 21:38:12 [ROOT MSG] tea.KeyMsg
2026/03/20 21:38:12 [ROOT MSG] tea.KeyMsg
2026/03/20 21:38:12 [ROOT MSG] tea.KeyMsg
2026/03/20 21:41:15 [ROOT MSG] tea.WindowSizeMsg
2026/03/20 21:41:15 [ROOT MSG] messages.HomeLogsMonitor
2026/03/20 21:41:15 [ROOT MSG] messages.HomeStatNetwork
2026/03/20 21:41:15 [ROOT MSG] messages.HomeStatVolume
2026/03/20 21:41:15 [ROOT MSG] messages.HomeStatContainer
2026/03/20 21:41:15 [ROOT MSG] messages.HomeStatImage
2026/03/20 21:41:16 [ROOT MSG] tea.KeyMsg
2026/03/20 21:41:16 [ROOT MSG] messages.ChangePg
2026/03/20 21:41:16 [ROOT MSG] messages.SysResReadyMsg
2026/03/20 21:41:17 [ROOT MSG] tea.KeyMsg
2026/03/20 21:41:17 [ROOT MSG] messages.ChangePg
2026/03/20 21:41:17 [ROOT MSG] messages.ParsedRegistries
2026/03/20 21:41:17 [REG] &{RegistryProvider:docker RegistryDomain:docker.io RegistryUsername:nucleofusion}
2026/03/20 21:41:17 [REG AUTH] Begin
2026/03/20 21:41:17 [REG AUTH] Checked Auth for &{RegistryProvider:docker RegistryDomain:docker.io RegistryUsername:nucleofusion} 
2026/03/20 21:41:17 [REG AUTH] Waited Success
2026/03/20 21:41:17 [ROOT MSG] messages.PendingRegistryLogin
2026/03/20 21:41:17 [ROOT MSG] messages.RegistryLoginMessage
2026/03/20 21:41:17 [REG] Registry Login Msg Came for: &{RegistryProvider:docker RegistryDomain:docker.io RegistryUsername:nucleofusion}
2026/03/20 21:41:18 [ROOT MSG] tea.KeyMsg
2026/03/20 21:41:18 [ROOT MSG] tea.KeyMsg
2026/03/20 21:41:18 [ROOT MSG] cursor.blinkCanceled
2026/03/20 21:41:18 [ROOT MSG] tea.KeyMsg
2026/03/20 21:41:18 [ROOT MSG] cursor.blinkCanceled
2026/03/20 21:41:18 [ROOT MSG] tea.KeyMsg
2026/03/20 21:41:18 [ROOT MSG] cursor.blinkCanceled
2026/03/20 21:41:18 [ROOT MSG] tea.KeyMsg
2026/03/20 21:41:18 [ROOT MSG] cursor.blinkCanceled
2026/03/20 21:41:18 [ROOT MSG] tea.KeyMsg
2026/03/20 21:41:18 [ROOT MSG] cursor.blinkCanceled
2026/03/20 21:41:18 [ROOT MSG] tea.KeyMsg
2026/03/20 21:41:18 [ROOT MSG] cursor.blinkCanceled
2026/03/20 21:41:18 [ROOT MSG] tea.KeyMsg
2026/03/20 21:41:18 [ROOT MSG] cursor.blinkCanceled
2026/03/20 21:41:18 [ROOT MSG] tea.KeyMsg
2026/03/20 21:41:18 [ROOT MSG] cursor.blinkCanceled
2026/03/20 21:41:18 [ROOT MSG] messages.HomeLogsTick
2026/03/20 21:41:18 [ROOT MSG] tea.KeyMsg
2026/03/20 21:41:18 [ROOT MSG] cursor.blinkCanceled
2026/03/20 21:41:19 [ROOT MSG] tea.KeyMsg
2026/03/20 21:41:19 [ROOT MSG] cursor.blinkCanceled
2026/03/20 21:41:19 [ROOT MSG] tea.KeyMsg
2026/03/20 21:41:19 [ROOT MSG] cursor.blinkCanceled
2026/03/20 21:41:19 [ROOT MSG] tea.KeyMsg
2026/03/20 21:41:19 [ROOT MSG] cursor.blinkCanceled
2026/03/20 21:41:19 [ROOT MSG] tea.KeyMsg
2026/03/20 21:41:19 [ROOT MSG] cursor.blinkCanceled
2026/03/20 21:41:19 [ROOT MSG] tea.KeyMsg
2026/03/20 21:41:19 [ROOT MSG] cursor.blinkCanceled
2026/03/20 21:41:19 [ROOT MSG] tea.KeyMsg
2026/03/20 21:41:19 [ROOT MSG] cursor.blinkCanceled
2026/03/20 21:41:19 [ROOT MSG] tea.KeyMsg
2026/03/20 21:41:19 [ROOT MSG] cursor.blinkCanceled
2026/03/20 21:41:19 [ROOT MSG] tea.KeyMsg
2026/03/20 21:41:19 [ROOT MSG] cursor.blinkCanceled
2026/03/20 21:41:19 [ROOT MSG] tea.KeyMsg
2026/03/20 21:41:19 [ROOT MSG] cursor.blinkCanceled
2026/03/20 21:41:19 [ROOT MSG] tea.KeyMsg
2026/03/20 21:41:19 [ROOT MSG] cursor.blinkCanceled
2026/03/20 21:41:20 [ROOT MSG] tea.KeyMsg
2026/03/20 21:43:26 [ROOT MSG] tea.WindowSizeMsg
2026/03/20 21:43:26 [ROOT MSG] messages.HomeLogsMonitor
2026/03/20 21:43:26 [ROOT MSG] messages.HomeStatVolume
2026/03/20 21:43:26 [ROOT MSG] messages.HomeStatNetwork
2026/03/20 21:43:26 [ROOT MSG] messages.HomeStatContainer
2026/03/20 21:43:26 [ROOT MSG] messages.HomeStatImage
2026/03/20 21:43:26 [ROOT MSG] tea.KeyMsg
2026/03/20 21:43:26 [ROOT MSG] messages.ChangePg
2026/03/20 21:43:27 [ROOT MSG] messages.SysResReadyMsg
2026/03/20 21:43:27 [ROOT MSG] tea.KeyMsg
2026/03/20 21:43:27 [ROOT MSG] messages.ChangePg
2026/03/20 21:43:27 [ROOT MSG] messages.ParsedRegistries
2026/03/20 21:43:27 [REG] &{RegistryProvider:docker RegistryDomain:docker.io RegistryUsername:nucleofusion}
2026/03/20 21:43:27 [REG AUTH] Begin
2026/03/20 21:43:27 [REG AUTH] Checked Auth for &{RegistryProvider:docker RegistryDomain:docker.io RegistryUsername:nucleofusion} 
2026/03/20 21:43:27 [REG AUTH] Waited Success
2026/03/20 21:43:27 [ROOT MSG] messages.PendingRegistryLogin
2026/03/20 21:43:27 [ROOT MSG] messages.RegistryLoginMessage
2026/03/20 21:43:27 [REG] Registry Login Msg Came for: &{RegistryProvider:docker RegistryDomain:docker.io RegistryUsername:nucleofusion}
2026/03/20 21:43:28 [ROOT MSG] tea.KeyMsg
2026/03/20 21:43:28 [ROOT MSG] tea.KeyMsg
2026/03/20 21:43:28 [ROOT MSG] cursor.blinkCanceled
2026/03/20 21:43:28 [ROOT MSG] tea.KeyMsg
2026/03/20 21:43:28 [ROOT MSG] cursor.blinkCanceled
2026/03/20 21:43:29 [ROOT MSG] tea.KeyMsg
2026/03/20 21:43:29 [ROOT MSG] cursor.blinkCanceled
2026/03/20 21:43:29 [ROOT MSG] tea.KeyMsg
2026/03/20 21:43:29 [ROOT MSG] cursor.blinkCanceled
2026/03/20 21:43:29 [ROOT MSG] tea.KeyMsg
2026/03/20 21:43:29 [ROOT MSG] cursor.blinkCanceled
2026/03/20 21:43:29 [ROOT MSG] tea.KeyMsg
2026/03/20 21:43:29 [ROOT MSG] cursor.blinkCanceled
2026/03/20 21:43:29 [ROOT MSG] tea.KeyMsg
2026/03/20 21:43:29 [ROOT MSG] cursor.blinkCanceled
2026/03/20 21:43:29 [ROOT MSG] messages.HomeLogsTick
2026/03/20 21:43:29 [ROOT MSG] tea.KeyMsg
2026/03/20 21:43:29 [ROOT MSG] cursor.blinkCanceled
2026/03/20 21:43:29 [ROOT MSG] tea.KeyMsg
2026/03/20 21:43:29 [ROOT MSG] cursor.blinkCanceled
2026/03/20 21:43:29 [ROOT MSG] tea.KeyMsg
2026/03/20 21:43:29 [ROOT MSG] cursor.blinkCanceled
2026/03/20 21:43:29 [ROOT MSG] tea.KeyMsg
2026/03/20 21:43:29 [ROOT MSG] cursor.blinkCanceled
2026/03/20 21:43:29 [ROOT MSG] tea.KeyMsg
2026/03/20 21:43:29 [ROOT MSG] cursor.blinkCanceled
2026/03/20 21:43:30 [ROOT MSG] tea.KeyMsg
2026/03/20 21:43:30 [ROOT MSG] cursor.blinkCanceled
2026/03/20 21:43:30 [ROOT MSG] cursor.BlinkMsg
2026/03/20 21:43:32 [ROOT MSG] tea.KeyMsg
2026/03/20 21:45:51 [ROOT MSG] tea.WindowSizeMsg
2026/03/20 21:45:51 [ROOT MSG] messages.HomeLogsMonitor
2026/03/20 21:45:51 [ROOT MSG] messages.HomeStatVolume
2026/03/20 21:45:51 [ROOT MSG] messages.HomeStatNetwork
2026/03/20 21:45:51 [ROOT MSG] messages.HomeStatContainer
2026/03/20 21:45:51 [ROOT MSG] messages.HomeStatImage
2026/03/20 21:45:52 [ROOT MSG] tea.KeyMsg
2026/03/20 21:45:52 [ROOT MSG] messages.ChangePg
2026/03/20 21:45:52 [ROOT MSG] tea.KeyMsg
2026/03/20 21:45:52 [ROOT MSG] messages.ChangePg
2026/03/20 21:45:52 [ROOT MSG] messages.ParsedRegistries
2026/03/20 21:45:52 [REG] &{RegistryProvider:docker RegistryDomain:docker.io RegistryUsername:nucleofusion}
2026/03/20 21:45:52 [REG AUTH] Begin
2026/03/20 21:45:52 [REG AUTH] Checked Auth for &{RegistryProvider:docker RegistryDomain:docker.io RegistryUsername:nucleofusion} 
2026/03/20 21:45:52 [REG AUTH] Waited Success
2026/03/20 21:45:52 [ROOT MSG] messages.PendingRegistryLogin
2026/03/20 21:45:52 [ROOT MSG] messages.RegistryLoginMessage
2026/03/20 21:45:52 [REG] Registry Login Msg Came for: &{RegistryProvider:docker RegistryDomain:docker.io RegistryUsername:nucleofusion}
2026/03/20 21:45:52 [ROOT MSG] messages.SysResReadyMsg
2026/03/20 21:45:54 [ROOT MSG] tea.KeyMsg
2026/03/20 21:46:45 [ROOT MSG] tea.WindowSizeMsg
2026/03/20 21:46:45 [ROOT MSG] messages.HomeLogsMonitor
2026/03/20 21:46:45 [ROOT MSG] messages.HomeStatNetwork
2026/03/20 21:46:45 [ROOT MSG] messages.HomeStatVolume
2026/03/20 21:46:45 [ROOT MSG] messages.HomeStatContainer
2026/03/20 21:46:45 [ROOT MSG] messages.HomeStatImage
2026/03/20 21:46:46 [ROOT MSG] tea.KeyMsg
2026/03/20 21:46:46 [ROOT MSG] messages.ChangePg
2026/03/20 21:46:46 [ROOT MSG] tea.KeyMsg
2026/03/20 21:46:46 [ROOT MSG] messages.ChangePg
2026/03/20 21:46:46 [ROOT MSG] messages.ContainerReadyMsg
2026/03/20 21:46:46 [ROOT MSG] messages.SysResReadyMsg
2026/03/20 21:46:47 [ROOT MSG] tea.KeyMsg
2026/03/20 21:46:47 [ROOT MSG] messages.ChangePg
2026/03/20 21:46:48 [ROOT MSG] tea.KeyMsg
2026/03/20 21:46:48 [ROOT MSG] messages.ChangePg
2026/03/20 21:46:48 [ROOT MSG] messages.ParsedRegistries
2026/03/20 21:46:48 [REG] &{RegistryProvider:docker RegistryDomain:docker.io RegistryUsername:nucleofusion}
2026/03/20 21:46:48 [REG AUTH] Begin
2026/03/20 21:46:48 [REG AUTH] Checked Auth for &{RegistryProvider:docker RegistryDomain:docker.io RegistryUsername:nucleofusion} 
2026/03/20 21:46:48 [REG AUTH] Waited Success
2026/03/20 21:46:48 [ROOT MSG] messages.PendingRegistryLogin
2026/03/20 21:46:48 [ROOT MSG] messages.RegistryLoginMessage
2026/03/20 21:46:48 [REG] Registry Login Msg Came for: &{RegistryProvider:docker RegistryDomain:docker.io RegistryUsername:nucleofusion}
2026/03/20 21:46:48 [ROOT MSG] messages.HomeLogsTick
2026/03/20 21:46:55 [ROOT MSG] tea.KeyMsg
2026/03/20 21:46:56 [ROOT MSG] cursor.BlinkMsg
2026/03/20 21:46:58 [ROOT MSG] tea.KeyMsg
2026/03/20 21:46:58 [ROOT MSG] tea.KeyMsg
2026/03/20 21:46:58 [ROOT MSG] cursor.BlinkMsg
2026/03/20 21:47:08 [ROOT MSG] tea.KeyMsg
2026/03/20 21:47:08 [ROOT MSG] cursor.BlinkMsg
2026/03/20 21:47:09 [ROOT MSG] tea.KeyMsg
2026/03/20 21:47:09 [ROOT MSG] tea.KeyMsg
2026/03/20 21:47:09 [ROOT MSG] cursor.blinkCanceled
2026/03/20 21:47:09 [ROOT MSG] tea.KeyMsg
2026/03/20 21:47:09 [ROOT MSG] cursor.blinkCanceled
2026/03/20 21:47:09 [ROOT MSG] tea.KeyMsg
2026/03/20 21:47:09 [ROOT MSG] cursor.blinkCanceled
2026/03/20 21:47:10 [ROOT MSG] tea.KeyMsg
2026/03/20 21:47:10 [ROOT MSG] cursor.blinkCanceled
2026/03/20 21:47:10 [ROOT MSG] tea.KeyMsg
2026/03/20 21:47:10 [ROOT MSG] cursor.blinkCanceled
2026/03/20 21:47:10 [ROOT MSG] tea.KeyMsg
2026/03/20 21:47:10 [ROOT MSG] cursor.blinkCanceled
2026/03/20 21:47:10 [ROOT MSG] cursor.BlinkMsg
2026/03/20 21:47:11 [ROOT MSG] tea.KeyMsg
2026/03/20 21:47:11 [ROOT MSG] tea.KeyMsg
2026/03/20 21:47:11 [ROOT MSG] cursor.blinkCanceled
2026/03/20 21:47:11 [ROOT MSG] tea.KeyMsg
2026/03/20 21:47:11 [ROOT MSG] cursor.blinkCanceled
2026/03/20 21:47:11 [ROOT MSG] tea.KeyMsg
2026/03/20 21:47:11 [ROOT MSG] cursor.blinkCanceled
2026/03/20 21:47:11 [ROOT MSG] tea.KeyMsg
2026/03/20 21:47:11 [ROOT MSG] cursor.blinkCanceled
2026/03/20 21:47:11 [ROOT MSG] tea.KeyMsg
2026/03/20 21:47:11 [ROOT MSG] cursor.blinkCanceled
2026/03/20 21:47:11 [ROOT MSG] tea.KeyMsg
2026/03/20 21:47:11 [ROOT MSG] cursor.blinkCanceled
2026/03/20 21:47:11 [ROOT MSG] tea.KeyMsg
2026/03/20 21:47:11 [ROOT MSG] cursor.blinkCanceled
2026/03/20 21:47:11 [ROOT MSG] tea.KeyMsg
2026/03/20 21:47:11 [ROOT MSG] tea.KeyMsg
2026/03/20 21:47:11 [ROOT MSG] tea.KeyMsg
2026/03/20 21:47:11 [ROOT MSG] tea.KeyMsg
2026/03/20 21:47:11 [ROOT MSG] tea.KeyMsg
2026/03/20 21:47:12 [ROOT MSG] cursor.BlinkMsg
2026/03/20 21:54:32 [ROOT MSG] tea.KeyMsg
2026/03/20 21:54:32 [ROOT MSG] tea.unknownCSISequenceMsg
2026/03/20 21:54:33 [ROOT MSG] cursor.BlinkMsg
2026/03/20 21:54:34 [ROOT MSG] tea.KeyMsg
2026/03/20 21:54:34 [ROOT MSG] cursor.BlinkMsg
2026/03/20 21:54:34 [ROOT MSG] tea.KeyMsg
2026/03/20 21:54:36 [ROOT MSG] tea.WindowSizeMsg
2026/03/20 21:54:36 [ROOT MSG] messages.HomeLogsMonitor
2026/03/20 21:54:36 [ROOT MSG] messages.HomeStatNetwork
2026/03/20 21:54:36 [ROOT MSG] messages.HomeStatVolume
2026/03/20 21:54:36 [ROOT MSG] messages.HomeStatContainer
2026/03/20 21:54:36 [ROOT MSG] messages.HomeStatImage
2026/03/20 21:54:37 [ROOT MSG] messages.SysResReadyMsg
2026/03/20 21:54:38 [ROOT MSG] messages.SysResReadyMsg
2026/03/20 21:54:38 [ROOT MSG] tea.KeyMsg
2026/03/20 21:54:38 [ROOT MSG] messages.ChangePg
2026/03/20 21:54:39 [ROOT MSG] tea.KeyMsg
2026/03/20 21:54:39 [ROOT MSG] messages.ChangePg
2026/03/20 21:54:39 [ROOT MSG] messages.ParsedRegistries
2026/03/20 21:54:39 [REG] &{RegistryProvider:docker RegistryDomain:docker.io RegistryUsername:nucleofusion}
2026/03/20 21:54:39 [REG AUTH] Begin
2026/03/20 21:54:39 [REG AUTH] Checked Auth for &{RegistryProvider:docker RegistryDomain:docker.io RegistryUsername:nucleofusion} 
2026/03/20 21:54:39 [REG AUTH] Waited Success
2026/03/20 21:54:39 [ROOT MSG] messages.PendingRegistryLogin
2026/03/20 21:54:39 [ROOT MSG] messages.RegistryLoginMessage
2026/03/20 21:54:39 [REG] Registry Login Msg Came for: &{RegistryProvider:docker RegistryDomain:docker.io RegistryUsername:nucleofusion}
2026/03/20 21:54:39 [ROOT MSG] messages.HomeLogsTick
2026/03/20 21:54:39 [ROOT MSG] messages.SysResReadyMsg
2026/03/20 21:54:39 [ROOT MSG] tea.KeyMsg
2026/03/20 21:54:40 [ROOT MSG] tea.KeyMsg
2026/03/20 21:54:40 [ROOT MSG] cursor.blinkCanceled
2026/03/20 21:54:40 [ROOT MSG] tea.KeyMsg
2026/03/20 21:54:40 [ROOT MSG] cursor.blinkCanceled
2026/03/20 21:54:40 [ROOT MSG] tea.KeyMsg
2026/03/20 21:54:40 [ROOT MSG] cursor.blinkCanceled
2026/03/20 21:54:41 [ROOT MSG] tea.KeyMsg
2026/03/20 21:54:41 [ROOT MSG] cursor.blinkCanceled
2026/03/20 21:54:41 [ROOT MSG] tea.KeyMsg
2026/03/20 21:54:41 [ROOT MSG] cursor.blinkCanceled
2026/03/20 21:54:41 [ROOT MSG] tea.KeyMsg
2026/03/20 21:54:41 [ROOT MSG] cursor.blinkCanceled
2026/03/20 21:54:41 [ROOT MSG] tea.KeyMsg
2026/03/20 21:54:41 [ROOT MSG] cursor.blinkCanceled
2026/03/20 21:54:41 [ROOT MSG] tea.KeyMsg
2026/03/20 21:54:41 [ROOT MSG] cursor.blinkCanceled
2026/03/20 21:54:41 [ROOT MSG] tea.KeyMsg
2026/03/20 21:54:41 [ROOT MSG] cursor.blinkCanceled
2026/03/20 21:54:42 [ROOT MSG] tea.KeyMsg
2026/03/20 21:54:42 [ROOT MSG] cursor.blinkCanceled
2026/03/20 21:54:42 [ROOT MSG] tea.KeyMsg
2026/03/20 21:54:42 [ROOT MSG] cursor.blinkCanceled
2026/03/20 21:54:42 [ROOT MSG] tea.KeyMsg
2026/03/20 21:54:42 [ROOT MSG] cursor.blinkCanceled
2026/03/20 21:54:42 [ROOT MSG] tea.KeyMsg
2026/03/20 21:54:42 [ROOT MSG] cursor.blinkCanceled
2026/03/20 21:54:42 [ROOT MSG] tea.KeyMsg
2026/03/20 21:54:42 [ROOT MSG] cursor.blinkCanceled
2026/03/20 21:54:42 [ROOT MSG] tea.KeyMsg
2026/03/20 21:54:42 [ROOT MSG] cursor.blinkCanceled
2026/03/20 21:54:42 [ROOT MSG] tea.KeyMsg
2026/03/20 21:54:42 [ROOT MSG] cursor.blinkCanceled
2026/03/20 21:54:42 [ROOT MSG] tea.KeyMsg
2026/03/20 21:54:42 [ROOT MSG] cursor.blinkCanceled
2026/03/20 21:54:42 [ROOT MSG] tea.KeyMsg
2026/03/20 21:54:42 [ROOT MSG] cursor.blinkCanceled
2026/03/20 21:54:42 [ROOT MSG] tea.KeyMsg
2026/03/20 21:54:42 [ROOT MSG] cursor.blinkCanceled
2026/03/20 21:54:42 [ROOT MSG] tea.KeyMsg
2026/03/20 21:54:42 [ROOT MSG] cursor.blinkCanceled
2026/03/20 21:54:42 [ROOT MSG] tea.KeyMsg
2026/03/20 21:54:42 [ROOT MSG] cursor.blinkCanceled
2026/03/20 21:54:42 [ROOT MSG] tea.KeyMsg
2026/03/20 21:54:42 [ROOT MSG] cursor.blinkCanceled
2026/03/20 21:54:42 [ROOT MSG] tea.KeyMsg
2026/03/20 21:54:42 [ROOT MSG] cursor.blinkCanceled
2026/03/20 21:54:42 [ROOT MSG] tea.KeyMsg
2026/03/20 21:54:42 [ROOT MSG] cursor.blinkCanceled
2026/03/20 21:54:42 [ROOT MSG] tea.KeyMsg
2026/03/20 21:54:42 [ROOT MSG] cursor.blinkCanceled
2026/03/20 21:54:42 [ROOT MSG] tea.KeyMsg
2026/03/20 21:54:42 [ROOT MSG] cursor.blinkCanceled
2026/03/20 21:54:42 [ROOT MSG] tea.KeyMsg
2026/03/20 21:54:42 [ROOT MSG] cursor.blinkCanceled
2026/03/20 21:54:42 [ROOT MSG] tea.KeyMsg
2026/03/20 21:54:42 [ROOT MSG] cursor.blinkCanceled
2026/03/20 21:54:42 [ROOT MSG] tea.KeyMsg
2026/03/20 21:54:42 [ROOT MSG] cursor.blinkCanceled
2026/03/20 21:54:42 [ROOT MSG] tea.KeyMsg
2026/03/20 21:54:42 [ROOT MSG] cursor.blinkCanceled
2026/03/20 21:54:42 [ROOT MSG] tea.KeyMsg
2026/03/20 21:54:42 [ROOT MSG] cursor.blinkCanceled
2026/03/20 21:54:42 [ROOT MSG] tea.KeyMsg
2026/03/20 21:54:42 [ROOT MSG] cursor.blinkCanceled
2026/03/20 21:54:42 [ROOT MSG] tea.KeyMsg
2026/03/20 21:54:42 [ROOT MSG] cursor.blinkCanceled
2026/03/20 21:54:42 [ROOT MSG] tea.KeyMsg
2026/03/20 21:54:42 [ROOT MSG] cursor.blinkCanceled
2026/03/20 21:54:42 [ROOT MSG] tea.KeyMsg
2026/03/20 21:54:42 [ROOT MSG] cursor.blinkCanceled
2026/03/20 21:54:42 [ROOT MSG] tea.KeyMsg
2026/03/20 21:54:42 [ROOT MSG] cursor.blinkCanceled
2026/03/20 21:54:42 [ROOT MSG] tea.KeyMsg
2026/03/20 21:54:42 [ROOT MSG] cursor.blinkCanceled
2026/03/20 21:54:42 [ROOT MSG] tea.KeyMsg
2026/03/20 21:54:42 [ROOT MSG] cursor.blinkCanceled
2026/03/20 21:54:42 [ROOT MSG] tea.KeyMsg
2026/03/20 21:54:42 [ROOT MSG] cursor.blinkCanceled
2026/03/20 21:54:42 [ROOT MSG] tea.KeyMsg
2026/03/20 21:54:42 [ROOT MSG] cursor.blinkCanceled
2026/03/20 21:54:42 [ROOT MSG] tea.KeyMsg
2026/03/20 21:54:42 [ROOT MSG] cursor.blinkCanceled
2026/03/20 21:54:42 [ROOT MSG] tea.KeyMsg
2026/03/20 21:54:42 [ROOT MSG] cursor.blinkCanceled
2026/03/20 21:54:42 [ROOT MSG] tea.KeyMsg
2026/03/20 21:54:42 [ROOT MSG] cursor.blinkCanceled
2026/03/20 21:54:42 [ROOT MSG] tea.KeyMsg
2026/03/20 21:54:42 [ROOT MSG] cursor.blinkCanceled
2026/03/20 21:54:42 [ROOT MSG] tea.KeyMsg
2026/03/20 21:54:42 [ROOT MSG] cursor.blinkCanceled
2026/03/20 21:54:42 [ROOT MSG] tea.KeyMsg
2026/03/20 21:54:42 [ROOT MSG] cursor.blinkCanceled
2026/03/20 21:54:43 [ROOT MSG] tea.KeyMsg
2026/03/20 21:54:43 [ROOT MSG] cursor.blinkCanceled
2026/03/20 21:54:43 [ROOT MSG] tea.KeyMsg
2026/03/20 21:54:43 [ROOT MSG] cursor.blinkCanceled
2026/03/20 21:54:43 [ROOT MSG] tea.KeyMsg
2026/03/20 21:54:43 [ROOT MSG] cursor.blinkCanceled
2026/03/20 21:54:43 [ROOT MSG] tea.KeyMsg
2026/03/20 21:54:43 [ROOT MSG] cursor.blinkCanceled
2026/03/20 21:54:43 [ROOT MSG] tea.KeyMsg
2026/03/20 21:54:43 [ROOT MSG] cursor.blinkCanceled
2026/03/20 21:54:43 [ROOT MSG] tea.KeyMsg
2026/03/20 21:54:43 [ROOT MSG] cursor.blinkCanceled
2026/03/20 21:54:43 [ROOT MSG] tea.KeyMsg
2026/03/20 21:54:43 [ROOT MSG] cursor.blinkCanceled
2026/03/20 21:54:43 [ROOT MSG] tea.KeyMsg
2026/03/20 21:54:43 [ROOT MSG] cursor.blinkCanceled
2026/03/20 21:54:43 [ROOT MSG] tea.KeyMsg
2026/03/20 21:54:43 [ROOT MSG] cursor.blinkCanceled
2026/03/20 21:54:43 [ROOT MSG] tea.KeyMsg
2026/03/20 21:54:43 [ROOT MSG] cursor.blinkCanceled
2026/03/20 21:54:43 [ROOT MSG] tea.KeyMsg
2026/03/20 21:54:43 [ROOT MSG] cursor.blinkCanceled
2026/03/20 21:54:43 [ROOT MSG] tea.KeyMsg
2026/03/20 21:54:43 [ROOT MSG] cursor.blinkCanceled
2026/03/20 21:54:43 [ROOT MSG] tea.KeyMsg
2026/03/20 21:54:43 [ROOT MSG] cursor.blinkCanceled
2026/03/20 21:54:43 [ROOT MSG] tea.KeyMsg
2026/03/20 21:54:43 [ROOT MSG] cursor.blinkCanceled
2026/03/20 21:54:43 [ROOT MSG] tea.KeyMsg
2026/03/20 21:54:43 [ROOT MSG] cursor.blinkCanceled
2026/03/20 21:54:43 [ROOT MSG] tea.KeyMsg
2026/03/20 21:54:43 [ROOT MSG] cursor.blinkCanceled
2026/03/20 21:54:43 [ROOT MSG] tea.KeyMsg
2026/03/20 21:54:43 [ROOT MSG] cursor.blinkCanceled
2026/03/20 21:54:43 [ROOT MSG] tea.KeyMsg
2026/03/20 21:54:43 [ROOT MSG] cursor.blinkCanceled
2026/03/20 21:54:43 [ROOT MSG] tea.KeyMsg
2026/03/20 21:54:43 [ROOT MSG] cursor.blinkCanceled
2026/03/20 21:54:43 [ROOT MSG] tea.KeyMsg
2026/03/20 21:54:43 [ROOT MSG] cursor.blinkCanceled
2026/03/20 21:54:43 [ROOT MSG] tea.KeyMsg
2026/03/20 21:54:43 [ROOT MSG] cursor.blinkCanceled
2026/03/20 21:54:43 [ROOT MSG] tea.KeyMsg
2026/03/20 21:54:43 [ROOT MSG] cursor.blinkCanceled
2026/03/20 21:54:43 [ROOT MSG] tea.KeyMsg
2026/03/20 21:54:43 [ROOT MSG] cursor.blinkCanceled
2026/03/20 21:54:43 [ROOT MSG] tea.KeyMsg
2026/03/20 21:54:43 [ROOT MSG] cursor.blinkCanceled
2026/03/20 21:54:43 [ROOT MSG] tea.KeyMsg
2026/03/20 21:54:43 [ROOT MSG] cursor.blinkCanceled
2026/03/20 21:54:43 [ROOT MSG] tea.KeyMsg
2026/03/20 21:54:43 [ROOT MSG] cursor.blinkCanceled
2026/03/20 21:54:43 [ROOT MSG] tea.KeyMsg
2026/03/20 21:54:43 [ROOT MSG] cursor.blinkCanceled
2026/03/20 21:54:43 [ROOT MSG] tea.KeyMsg
2026/03/20 21:54:43 [ROOT MSG] cursor.blinkCanceled
2026/03/20 21:54:43 [ROOT MSG] tea.KeyMsg
2026/03/20 21:54:43 [ROOT MSG] cursor.blinkCanceled
2026/03/20 21:54:43 [ROOT MSG] tea.KeyMsg
2026/03/20 21:54:43 [ROOT MSG] cursor.blinkCanceled
2026/03/20 21:54:43 [ROOT MSG] tea.KeyMsg
2026/03/20 21:54:43 [ROOT MSG] cursor.blinkCanceled
2026/03/20 21:54:43 [ROOT MSG] tea.KeyMsg
2026/03/20 21:54:43 [ROOT MSG] cursor.blinkCanceled
2026/03/20 21:54:43 [ROOT MSG] tea.KeyMsg
2026/03/20 21:54:43 [ROOT MSG] cursor.blinkCanceled
2026/03/20 21:54:43 [ROOT MSG] tea.KeyMsg
2026/03/20 21:54:43 [ROOT MSG] cursor.blinkCanceled
2026/03/20 21:54:43 [ROOT MSG] tea.KeyMsg
2026/03/20 21:54:43 [ROOT MSG] cursor.blinkCanceled
2026/03/20 21:54:43 [ROOT MSG] tea.KeyMsg
2026/03/20 21:54:43 [ROOT MSG] cursor.blinkCanceled
2026/03/20 21:54:43 [ROOT MSG] tea.KeyMsg
2026/03/20 21:54:43 [ROOT MSG] cursor.blinkCanceled
2026/03/20 21:54:43 [ROOT MSG] tea.KeyMsg
2026/03/20 21:54:43 [ROOT MSG] cursor.blinkCanceled
2026/03/20 21:54:43 [ROOT MSG] tea.KeyMsg
2026/03/20 21:54:43 [ROOT MSG] cursor.blinkCanceled
2026/03/20 21:54:44 [ROOT MSG] cursor.BlinkMsg
2026/03/20 21:54:44 [ROOT MSG] tea.KeyMsg
2026/03/20 21:56:04 [ROOT MSG] tea.WindowSizeMsg
2026/03/20 21:56:04 [ROOT MSG] messages.HomeLogsMonitor
2026/03/20 21:56:04 [ROOT MSG] messages.HomeStatVolume
2026/03/20 21:56:04 [ROOT MSG] messages.HomeStatNetwork
2026/03/20 21:56:04 [ROOT MSG] messages.HomeStatContainer
2026/03/20 21:56:04 [ROOT MSG] messages.HomeStatImage
2026/03/20 21:56:05 [ROOT MSG] tea.KeyMsg
2026/03/20 21:56:05 [ROOT MSG] messages.ChangePg
2026/03/20 21:56:05 [ROOT MSG] messages.SysResReadyMsg
2026/03/20 21:56:06 [ROOT MSG] tea.KeyMsg
2026/03/20 21:56:06 [ROOT MSG] messages.ChangePg
2026/03/20 21:56:06 [ROOT MSG] messages.ParsedRegistries
2026/03/20 21:56:06 [REG] &{RegistryProvider:docker RegistryDomain:docker.io RegistryUsername:nucleofusion}
2026/03/20 21:56:06 [REG AUTH] Begin
2026/03/20 21:56:06 [REG AUTH] Checked Auth for &{RegistryProvider:docker RegistryDomain:docker.io RegistryUsername:nucleofusion} 
2026/03/20 21:56:06 [REG AUTH] Waited Success
2026/03/20 21:56:06 [ROOT MSG] messages.PendingRegistryLogin
2026/03/20 21:56:06 [ROOT MSG] messages.RegistryLoginMessage
2026/03/20 21:56:06 [REG] Registry Login Msg Came for: &{RegistryProvider:docker RegistryDomain:docker.io RegistryUsername:nucleofusion}
2026/03/20 21:56:07 [ROOT MSG] messages.HomeLogsTick
2026/03/20 21:56:08 [ROOT MSG] tea.KeyMsg
2026/03/20 21:56:08 [ROOT MSG] tea.KeyMsg
2026/03/20 21:56:08 [ROOT MSG] cursor.blinkCanceled
2026/03/20 21:56:08 [ROOT MSG] tea.KeyMsg
2026/03/20 21:56:08 [ROOT MSG] cursor.blinkCanceled
2026/03/20 21:56:08 [ROOT MSG] tea.KeyMsg
2026/03/20 21:56:08 [ROOT MSG] cursor.blinkCanceled
2026/03/20 21:56:08 [ROOT MSG] tea.KeyMsg
2026/03/20 21:56:08 [ROOT MSG] cursor.blinkCanceled
2026/03/20 21:56:08 [ROOT MSG] tea.KeyMsg
2026/03/20 21:56:08 [ROOT MSG] cursor.blinkCanceled
2026/03/20 21:56:08 [ROOT MSG] tea.KeyMsg
2026/03/20 21:56:08 [ROOT MSG] cursor.blinkCanceled
2026/03/20 21:56:08 [ROOT MSG] tea.KeyMsg
2026/03/20 21:56:08 [ROOT MSG] cursor.blinkCanceled
2026/03/20 21:56:08 [ROOT MSG] tea.KeyMsg
2026/03/20 21:56:08 [ROOT MSG] cursor.blinkCanceled
2026/03/20 21:56:08 [ROOT MSG] tea.KeyMsg
2026/03/20 21:56:08 [ROOT MSG] cursor.blinkCanceled
2026/03/20 21:56:08 [ROOT MSG] tea.KeyMsg
2026/03/20 21:56:08 [ROOT MSG] cursor.blinkCanceled
2026/03/20 21:56:08 [ROOT MSG] tea.KeyMsg
2026/03/20 21:56:08 [ROOT MSG] cursor.blinkCanceled
2026/03/20 21:56:08 [ROOT MSG] tea.KeyMsg
2026/03/20 21:56:08 [ROOT MSG] cursor.blinkCanceled
2026/03/20 21:56:08 [ROOT MSG] tea.KeyMsg
2026/03/20 21:56:08 [ROOT MSG] cursor.blinkCanceled
2026/03/20 21:56:08 [ROOT MSG] tea.KeyMsg
2026/03/20 21:56:08 [ROOT MSG] cursor.blinkCanceled
2026/03/20 21:56:08 [ROOT MSG] tea.KeyMsg
2026/03/20 21:56:08 [ROOT MSG] cursor.blinkCanceled
2026/03/20 21:56:08 [ROOT MSG] tea.KeyMsg
2026/03/20 21:56:08 [ROOT MSG] cursor.blinkCanceled
2026/03/20 21:56:08 [ROOT MSG] tea.KeyMsg
2026/03/20 21:56:08 [ROOT MSG] cursor.blinkCanceled
2026/03/20 21:56:08 [ROOT MSG] tea.KeyMsg
2026/03/20 21:56:08 [ROOT MSG] cursor.blinkCanceled
2026/03/20 21:56:08 [ROOT MSG] tea.KeyMsg
2026/03/20 21:56:08 [ROOT MSG] cursor.blinkCanceled
2026/03/20 21:56:08 [ROOT MSG] tea.KeyMsg
2026/03/20 21:56:08 [ROOT MSG] cursor.blinkCanceled
2026/03/20 21:56:08 [ROOT MSG] tea.KeyMsg
2026/03/20 21:56:08 [ROOT MSG] cursor.blinkCanceled
2026/03/20 21:56:08 [ROOT MSG] tea.KeyMsg
2026/03/20 21:56:08 [ROOT MSG] cursor.blinkCanceled
2026/03/20 21:56:08 [ROOT MSG] tea.KeyMsg
2026/03/20 21:56:08 [ROOT MSG] cursor.blinkCanceled
2026/03/20 21:56:09 [ROOT MSG] tea.KeyMsg
2026/03/20 21:56:09 [ROOT MSG] cursor.blinkCanceled
2026/03/20 21:56:09 [ROOT MSG] tea.KeyMsg
2026/03/20 21:56:09 [ROOT MSG] cursor.blinkCanceled
2026/03/20 21:56:09 [ROOT MSG] tea.KeyMsg
2026/03/20 21:56:09 [ROOT MSG] cursor.blinkCanceled
2026/03/20 21:56:09 [ROOT MSG] tea.KeyMsg
2026/03/20 21:56:09 [ROOT MSG] cursor.blinkCanceled
2026/03/20 21:56:09 [ROOT MSG] tea.KeyMsg
2026/03/20 21:56:09 [ROOT MSG] cursor.blinkCanceled
2026/03/20 21:56:09 [ROOT MSG] tea.KeyMsg
2026/03/20 21:56:09 [ROOT MSG] cursor.blinkCanceled
2026/03/20 21:56:09 [ROOT MSG] tea.KeyMsg
2026/03/20 21:56:09 [ROOT MSG] cursor.blinkCanceled
2026/03/20 21:56:09 [ROOT MSG] tea.KeyMsg
2026/03/20 21:56:09 [ROOT MSG] cursor.blinkCanceled
2026/03/20 21:56:09 [ROOT MSG] tea.KeyMsg
2026/03/20 21:56:09 [ROOT MSG] cursor.blinkCanceled
2026/03/20 21:56:09 [ROOT MSG] tea.KeyMsg
2026/03/20 21:56:09 [ROOT MSG] cursor.blinkCanceled
2026/03/20 21:56:09 [ROOT MSG] tea.KeyMsg
2026/03/20 21:56:09 [ROOT MSG] cursor.blinkCanceled
2026/03/20 21:56:09 [ROOT MSG] tea.KeyMsg
2026/03/20 21:56:09 [ROOT MSG] cursor.blinkCanceled
2026/03/20 21:56:09 [ROOT MSG] tea.KeyMsg
2026/03/20 21:56:09 [ROOT MSG] cursor.blinkCanceled
2026/03/20 21:56:09 [ROOT MSG] tea.KeyMsg
2026/03/20 21:56:09 [ROOT MSG] cursor.blinkCanceled
2026/03/20 21:56:09 [ROOT MSG] tea.KeyMsg
2026/03/20 21:56:09 [ROOT MSG] cursor.blinkCanceled
2026/03/20 21:56:09 [ROOT MSG] tea.KeyMsg
2026/03/20 21:56:09 [ROOT MSG] cursor.blinkCanceled
2026/03/20 21:56:09 [ROOT MSG] tea.KeyMsg
2026/03/20 21:56:09 [ROOT MSG] cursor.blinkCanceled
2026/03/20 21:56:09 [ROOT MSG] tea.KeyMsg
2026/03/20 21:56:09 [ROOT MSG] cursor.blinkCanceled
2026/03/20 21:56:09 [ROOT MSG] tea.KeyMsg
2026/03/20 21:56:09 [ROOT MSG] cursor.blinkCanceled
2026/03/20 21:56:09 [ROOT MSG] tea.KeyMsg
2026/03/20 21:56:09 [ROOT MSG] cursor.blinkCanceled
2026/03/20 21:56:09 [ROOT MSG] tea.KeyMsg
2026/03/20 21:56:09 [ROOT MSG] cursor.blinkCanceled
2026/03/20 21:56:09 [ROOT MSG] tea.KeyMsg
2026/03/20 21:56:09 [ROOT MSG] tea.KeyMsg
2026/03/20 21:56:09 [ROOT MSG] tea.KeyMsg
2026/03/20 21:56:09 [ROOT MSG] tea.KeyMsg
2026/03/20 21:56:09 [ROOT MSG] tea.KeyMsg
2026/03/20 21:56:09 [ROOT MSG] tea.KeyMsg
2026/03/20 21:56:09 [ROOT MSG] tea.KeyMsg
2026/03/20 21:56:09 [ROOT MSG] tea.KeyMsg
2026/03/20 21:56:09 [ROOT MSG] tea.KeyMsg
2026/03/20 21:56:09 [ROOT MSG] tea.KeyMsg
2026/03/20 21:56:09 [ROOT MSG] tea.KeyMsg
2026/03/20 21:56:09 [ROOT MSG] tea.KeyMsg
2026/03/20 21:56:09 [ROOT MSG] tea.KeyMsg
2026/03/20 21:56:09 [ROOT MSG] tea.KeyMsg
2026/03/20 21:56:09 [ROOT MSG] tea.KeyMsg
2026/03/20 21:56:09 [ROOT MSG] tea.KeyMsg
2026/03/20 21:56:09 [ROOT MSG] tea.KeyMsg
2026/03/20 21:56:09 [ROOT MSG] tea.KeyMsg
2026/03/20 21:56:09 [ROOT MSG] tea.KeyMsg
2026/03/20 21:56:09 [ROOT MSG] tea.KeyMsg
2026/03/20 21:56:09 [ROOT MSG] tea.KeyMsg
2026/03/20 21:56:09 [ROOT MSG] tea.KeyMsg
2026/03/20 21:56:09 [ROOT MSG] tea.KeyMsg
2026/03/20 21:56:09 [ROOT MSG] tea.KeyMsg
2026/03/20 21:56:09 [ROOT MSG] cursor.BlinkMsg
2026/03/20 21:56:15 [ROOT MSG] tea.KeyMsg
